
FAILURE: Build failed with an exception.

* What went wrong:
org.gradle.api.internal.catalog.GeneratedClassCompilationException: No Java compiler found, please ensure you are running Gradle with a JDK
> No Java compiler found, please ensure you are running Gradle with a JDK

* Try:
> Run with --stacktrace option to get the stack trace.
> Run with --info or --debug option to get more log output.
> Run with --scan to get full insights.
> Get more help at https://help.gradle.org.

BUILD FAILED in 689ms
